{
  "stats": {
    "suites": 1,
    "tests": 2,
    "passes": 1,
    "pending": 0,
    "failures": 1,
    "start": "2021-08-10T03:49:09.961Z",
    "end": "2021-08-10T03:49:15.179Z",
    "duration": 5218,
    "testsRegistered": 2,
    "passPercent": 50,
    "pendingPercent": 0,
    "other": 0,
    "hasOther": false,
    "skipped": 0,
    "hasSkipped": false
  },
  "results": [
    {
      "uuid": "c5818a80-81ca-4b2f-9712-023ef3063822",
      "title": "",
      "fullFile": "cypress/integration/Capsules.js",
      "file": "cypress/integration/Capsules.js",
      "beforeHooks": [],
      "afterHooks": [],
      "tests": [],
      "suites": [
        {
          "uuid": "fd7613b1-43a5-4898-b44f-494489c25743",
          "title": "Verify endpoints",
          "fullFile": "",
          "file": "",
          "beforeHooks": [],
          "afterHooks": [],
          "tests": [
            {
              "title": "Verify GET all capsul",
              "fullTitle": "Verify endpoints Verify GET all capsul",
              "timedOut": null,
              "duration": 541,
              "state": "passed",
              "speed": "slow",
              "pass": true,
              "fail": false,
              "pending": false,
              "context": null,
              "code": "cy.request(\"https://api.spacexdata.com/v3/capsules\").then(response => {\n  expect(response).to.have.property(\"status\", 200);\n  expect(response.body.length).to.equal(19);\n  expect(response.body.capsule_serial).to.not.be.null;\n  console.log(response.body);\n  Cypress._.each(response.body, list => {\n    expect(list.mission).to.not.be.null;\n  });\n});",
              "err": {},
              "uuid": "f2b407fa-618a-4b85-a45f-cc3b8093ac85",
              "parentUUID": "fd7613b1-43a5-4898-b44f-494489c25743",
              "isHook": false,
              "skipped": false
            },
            {
              "title": "Verify GET one capsul",
              "fullTitle": "Verify endpoints Verify GET one capsul",
              "timedOut": null,
              "duration": 4637,
              "state": "failed",
              "speed": null,
              "pass": false,
              "fail": true,
              "pending": false,
              "context": null,
              "code": "cy.fixture('c112_details').then(function (c112_details) {\n  cy.request(\"https://api.spacexdata.com/v3/capsules/C112\").then(response => {\n    //const body = response.body;\n    expect(response).to.have.property(\"status\", 200);\n    expect(response.body.capsule_serial).to.not.be.null; //console.log(response.body);\n    expect(response.body).has.property(\"capsule_id\", \"dragon1\");\n    expect(response.body).has.property(\"capsule_serial\", \"C112\");\n    c112_details.missions.forEach((mission, index) => {\n      expect(response.body.missions[index]).has.property(\"name\", c112_details.missions[index].name);\n    });\n  });\n});",
              "err": {
                "message": "CypressError: Timed out after `4000ms`. The `done()` callback was never invoked!",
                "estack": "CypressError: Timed out after `4000ms`. The `done()` callback was never invoked!\n    at cypressErr (http://localhost:61829/__cypress/runner/cypress_runner.js:160503:18)\n    at Module.errByPath (http://localhost:61829/__cypress/runner/cypress_runner.js:160572:10)\n    at http://localhost:61829/__cypress/runner/cypress_runner.js:162294:29",
                "diff": null
              },
              "uuid": "57a2dd88-a9cc-4dd9-b1d9-9035fe2a55f4",
              "parentUUID": "fd7613b1-43a5-4898-b44f-494489c25743",
              "isHook": false,
              "skipped": false
            }
          ],
          "suites": [],
          "passes": [
            "f2b407fa-618a-4b85-a45f-cc3b8093ac85"
          ],
          "failures": [
            "57a2dd88-a9cc-4dd9-b1d9-9035fe2a55f4"
          ],
          "pending": [],
          "skipped": [],
          "duration": 5178,
          "root": false,
          "rootEmpty": false,
          "_timeout": 2000
        }
      ],
      "passes": [],
      "failures": [],
      "pending": [],
      "skipped": [],
      "duration": 0,
      "root": true,
      "rootEmpty": true,
      "_timeout": 2000
    }
  ],
  "meta": {
    "mocha": {
      "version": "7.0.1"
    },
    "mochawesome": {
      "options": {
        "quiet": true,
        "reportFilename": "mochawesome",
        "saveHtml": false,
        "saveJson": true,
        "consoleReporter": "spec",
        "useInlineDiffs": false,
        "code": true
      },
      "version": "6.2.2"
    },
    "marge": {
      "options": {
        "id": "default",
        "reportDir": "cypress/reports/mocha",
        "quiet": true,
        "overwrite": false,
        "html": false,
        "json": true
      },
      "version": "5.2.0"
    }
  }
}